  Algorithm hw.cpp
c:\users\wzr11\source\repos\algorithm hw\algorithm hw\algorithm hw.cpp(203): warning C4244: 'argument': conversion from 'double' to 'const unsigned int', possible loss of data
c:\users\wzr11\source\repos\algorithm hw\algorithm hw\algorithm hw.cpp(206): warning C4244: 'argument': conversion from 'double' to 'const unsigned int', possible loss of data
c:\users\wzr11\source\repos\algorithm hw\algorithm hw\algorithm hw.cpp(213): warning C4018: '<': signed/unsigned mismatch
c:\users\wzr11\source\repos\algorithm hw\algorithm hw\algorithm hw.cpp(217): warning C4244: 'argument': conversion from 'double' to 'const unsigned int', possible loss of data
c:\users\wzr11\source\repos\algorithm hw\algorithm hw\algorithm hw.cpp(222): warning C4244: 'argument': conversion from 'double' to 'const unsigned int', possible loss of data
c:\users\wzr11\source\repos\algorithm hw\algorithm hw\algorithm hw.cpp(226): warning C4018: '>=': signed/unsigned mismatch
c:\users\wzr11\source\repos\algorithm hw\algorithm hw\algorithm hw.cpp(228): warning C4244: 'argument': conversion from 'double' to 'const unsigned int', possible loss of data
c:\users\wzr11\source\repos\algorithm hw\algorithm hw\algorithm hw.cpp(231): warning C4018: '>=': signed/unsigned mismatch
c:\users\wzr11\source\repos\algorithm hw\algorithm hw\algorithm hw.cpp(233): warning C4244: 'argument': conversion from 'double' to 'const unsigned int', possible loss of data
c:\users\wzr11\source\repos\algorithm hw\algorithm hw\algorithm hw.cpp(239): warning C4018: '<': signed/unsigned mismatch
c:\users\wzr11\source\repos\algorithm hw\algorithm hw\algorithm hw.cpp(250): warning C4018: '<': signed/unsigned mismatch
c:\users\wzr11\source\repos\algorithm hw\algorithm hw\algorithm hw.cpp(275): warning C4018: '<': signed/unsigned mismatch
c:\users\wzr11\source\repos\algorithm hw\algorithm hw\algorithm hw.cpp(299): warning C4018: '<': signed/unsigned mismatch
c:\users\wzr11\source\repos\algorithm hw\algorithm hw\algorithm hw.cpp(304): warning C4018: '<': signed/unsigned mismatch
c:\users\wzr11\source\repos\algorithm hw\algorithm hw\algorithm hw.cpp(310): warning C4018: '<': signed/unsigned mismatch
c:\users\wzr11\source\repos\algorithm hw\algorithm hw\algorithm hw.cpp(346): warning C4244: 'argument': conversion from 'double' to 'const unsigned int', possible loss of data
c:\users\wzr11\source\repos\algorithm hw\algorithm hw\algorithm hw.cpp(357): warning C4244: 'initializing': conversion from 'double' to 'int', possible loss of data
c:\users\wzr11\source\repos\algorithm hw\algorithm hw\algorithm hw.cpp(381): warning C4018: '<=': signed/unsigned mismatch
c:\users\wzr11\source\repos\algorithm hw\algorithm hw\algorithm hw.cpp(383): warning C4018: '<=': signed/unsigned mismatch
c:\users\wzr11\source\repos\algorithm hw\algorithm hw\algorithm hw.cpp(424): warning C4244: 'argument': conversion from 'double' to 'const unsigned int', possible loss of data
c:\users\wzr11\source\repos\algorithm hw\algorithm hw\algorithm hw.cpp(452): warning C4018: '<=': signed/unsigned mismatch
c:\users\wzr11\source\repos\algorithm hw\algorithm hw\algorithm hw.cpp(454): warning C4018: '<=': signed/unsigned mismatch
c:\users\wzr11\source\repos\algorithm hw\algorithm hw\algorithm hw.cpp(481): warning C4018: '<=': signed/unsigned mismatch
c:\users\wzr11\source\repos\algorithm hw\algorithm hw\algorithm hw.cpp(483): warning C4018: '<=': signed/unsigned mismatch
c:\users\wzr11\source\repos\algorithm hw\algorithm hw\algorithm hw.cpp(648): warning C4018: '<': signed/unsigned mismatch
c:\users\wzr11\source\repos\algorithm hw\algorithm hw\algorithm hw.cpp(118): warning C4715: 'max_position': not all control paths return a value
  Algorithm hw.vcxproj -> C:\Users\wzr11\source\repos\Algorithm hw\Debug\Algorithm hw.exe
